2023-12-02 03:42:52,264 - WARNING - create flask
2023-12-02 03:42:52,531 - WARNING - create database NAME: sqlite:///dataBase.db
2023-12-02 03:42:52,547 - WARNING - create engine
2023-12-02 03:42:52,547 - WARNING - create session
2023-12-02 03:43:17,495 - WARNING - create flask
2023-12-02 03:43:17,715 - WARNING - create database NAME: sqlite:///dataBase.db
2023-12-02 03:43:17,741 - WARNING - create engine
2023-12-02 03:43:17,741 - WARNING - create session
2023-12-02 03:43:17,741 - WARNING - Database does not exist.
2023-12-02 03:43:17,747 - WARNING - clear database
2023-12-02 03:43:17,747 - WARNING - create tables in database
2023-12-02 03:43:17,779 - WARNING - fill database
2023-12-02 03:43:17,779 - WARNING - qoute: Travel, 'I have not been everywhere, but it is on my list.' | Susan Sontag
2023-12-02 03:43:17,794 - WARNING - author: None
2023-12-02 03:43:17,794 - WARNING - find author in list
2023-12-02 03:43:17,810 - WARNING - add new author: <website.database.models.Author object at 0x0000023CB249B220>
2023-12-02 03:43:17,810 - WARNING - topic: None
2023-12-02 03:43:17,810 - WARNING - find topic in list
2023-12-02 03:43:17,810 - WARNING - add new topic: <website.database.models.Topic object at 0x0000023CB25176A0>
2023-12-02 03:43:17,810 - WARNING - create row in quate: 'I have not been everywhere, but it is on my list.'
2023-12-02 03:43:17,825 - WARNING - add bluepoint auth
2023-12-02 03:43:18,154 - WARNING - create flask
2023-12-02 03:43:18,421 - WARNING - create database NAME: sqlite:///dataBase.db
2023-12-02 03:43:18,421 - WARNING - create engine
2023-12-02 03:43:18,421 - WARNING - create session
2023-12-02 03:43:18,437 - WARNING - Database does not exist.
2023-12-02 03:43:18,441 - WARNING - clear database
2023-12-02 03:43:18,469 - WARNING - create tables in database
2023-12-02 03:43:18,485 - WARNING - fill database
2023-12-02 03:43:18,485 - WARNING - qoute: Travel, 'I have not been everywhere, but it is on my list.' | Susan Sontag
2023-12-02 03:43:18,485 - WARNING - author: None
2023-12-02 03:43:18,485 - WARNING - find author in list
2023-12-02 03:43:18,501 - WARNING - add new author: <website.database.models.Author object at 0x000001F9B1EDAE80>
2023-12-02 03:43:18,501 - WARNING - topic: None
2023-12-02 03:43:18,501 - WARNING - find topic in list
2023-12-02 03:43:18,516 - WARNING - add new topic: <website.database.models.Topic object at 0x000001F9B1F0CA60>
2023-12-02 03:43:18,516 - WARNING - create row in quate: 'I have not been everywhere, but it is on my list.'
2023-12-02 03:43:18,531 - WARNING - add bluepoint auth
2023-12-02 03:43:18,542 - WARNING -  * Debugger is active!
2023-12-02 03:45:58,184 - WARNING - create flask
2023-12-02 03:45:58,467 - WARNING - create database NAME: sqlite:///dataBase.db
2023-12-02 03:45:58,483 - WARNING - create engine
2023-12-02 03:45:58,483 - WARNING - create session
2023-12-02 03:45:58,483 - WARNING - Database exists.
2023-12-02 03:45:58,483 - WARNING - add bluepoint auth
2023-12-02 03:45:58,813 - WARNING - create flask
2023-12-02 03:45:59,055 - WARNING - create database NAME: sqlite:///dataBase.db
2023-12-02 03:45:59,065 - WARNING - create engine
2023-12-02 03:45:59,065 - WARNING - create session
2023-12-02 03:45:59,065 - WARNING - Database exists.
2023-12-02 03:45:59,065 - WARNING - add bluepoint auth
2023-12-02 03:45:59,080 - WARNING -  * Debugger is active!
2023-12-02 03:49:47,964 - WARNING - create flask
2023-12-02 03:49:48,183 - WARNING - create database NAME: sqlite:///dataBase.db
2023-12-02 03:49:48,215 - WARNING - create engine
2023-12-02 03:49:48,215 - WARNING - create session
2023-12-02 03:49:48,215 - WARNING - Database exists.
2023-12-02 03:49:48,215 - WARNING - add bluepoint auth
2023-12-02 03:49:48,561 - WARNING - create flask
2023-12-02 03:49:48,810 - WARNING - create database NAME: sqlite:///dataBase.db
2023-12-02 03:49:48,813 - WARNING - create engine
2023-12-02 03:49:48,813 - WARNING - create session
2023-12-02 03:49:48,813 - WARNING - Database exists.
2023-12-02 03:49:48,829 - WARNING - add bluepoint auth
2023-12-02 03:49:48,829 - WARNING -  * Debugger is active!
2023-12-02 03:50:34,441 - WARNING - create flask
2023-12-02 03:50:34,708 - WARNING - create database NAME: sqlite:///dataBase.db
2023-12-02 03:50:34,723 - WARNING - create engine
2023-12-02 03:50:34,723 - WARNING - create session
2023-12-02 03:50:34,723 - WARNING - Database exists.
2023-12-02 03:50:34,723 - WARNING - add bluepoint auth
2023-12-02 03:50:35,085 - WARNING - create flask
2023-12-02 03:50:35,305 - WARNING - create database NAME: sqlite:///dataBase.db
2023-12-02 03:50:35,320 - WARNING - create engine
2023-12-02 03:50:35,320 - WARNING - create session
2023-12-02 03:50:35,320 - WARNING - Database exists.
2023-12-02 03:50:35,320 - WARNING - add bluepoint auth
2023-12-02 03:50:35,336 - WARNING -  * Debugger is active!
2023-12-02 03:51:11,929 - WARNING - create flask
2023-12-02 03:51:12,180 - WARNING - create database NAME: sqlite:///dataBase.db
2023-12-02 03:51:12,180 - WARNING - create engine
2023-12-02 03:51:12,180 - WARNING - create session
2023-12-02 03:51:12,180 - WARNING - Database exists.
2023-12-02 03:51:12,196 - WARNING - add bluepoint auth
2023-12-02 03:51:12,541 - WARNING - create flask
2023-12-02 03:51:12,809 - WARNING - create database NAME: sqlite:///dataBase.db
2023-12-02 03:51:12,809 - WARNING - create engine
2023-12-02 03:51:12,825 - WARNING - create session
2023-12-02 03:51:12,825 - WARNING - Database exists.
2023-12-02 03:51:12,825 - WARNING - add bluepoint auth
2023-12-02 03:51:12,840 - WARNING -  * Debugger is active!
2023-12-02 03:51:22,935 - WARNING - create flask
2023-12-02 03:51:23,187 - WARNING - create database NAME: sqlite:///dataBase.db
2023-12-02 03:51:23,187 - WARNING - create engine
2023-12-02 03:51:23,187 - WARNING - create session
2023-12-02 03:51:23,203 - WARNING - Database does not exist.
2023-12-02 03:51:23,203 - WARNING - clear database
2023-12-02 03:51:23,219 - WARNING - create tables in database
2023-12-02 03:51:23,234 - WARNING - fill database
2023-12-02 03:51:23,234 - WARNING - qoute: Travel, 'I have not been everywhere, but it is on my list.' | Susan Sontag
2023-12-02 03:51:23,234 - WARNING - author: None
2023-12-02 03:51:23,234 - WARNING - find author in list
2023-12-02 03:51:23,250 - WARNING - add new author: <website.database.models.Author object at 0x000001A10FDBF0A0>
2023-12-02 03:51:23,250 - WARNING - topic: None
2023-12-02 03:51:23,250 - WARNING - find topic in list
2023-12-02 03:51:23,250 - WARNING - add new topic: <website.database.models.Topic object at 0x000001A10FDBFBB0>
2023-12-02 03:51:23,265 - WARNING - create row in quate: 'I have not been everywhere, but it is on my list.'
2023-12-02 03:51:23,265 - WARNING - qoute: Race, 'It is not our differences that divide us. It is our inability to recognize, accept, and celebrate those differences.' | Audre Lorde
2023-12-02 03:51:23,270 - WARNING - author: None
2023-12-02 03:51:23,270 - WARNING - find author in list
2023-12-02 03:51:23,270 - WARNING - add new author: <website.database.models.Author object at 0x000001A10FDBF0A0>
2023-12-02 03:51:23,281 - WARNING - topic: None
2023-12-02 03:51:23,281 - WARNING - find topic in list
2023-12-02 03:51:23,281 - WARNING - add new topic: <website.database.models.Topic object at 0x000001A10FDBFBB0>
2023-12-02 03:51:23,281 - WARNING - create row in quate: 'It is not our differences that divide us. It is our inability to recognize, accept, and celebrate those differences.'
2023-12-02 03:51:23,281 - WARNING - qoute: Life, 'Always go with your passions. Never ask yourself if it is realistic or not.' | Deepak Chopra
2023-12-02 03:51:23,297 - WARNING - author: None
2023-12-02 03:51:23,297 - WARNING - find author in list
2023-12-02 03:51:23,297 - WARNING - add new author: <website.database.models.Author object at 0x000001A10FDD7850>
2023-12-02 03:51:23,297 - WARNING - topic: None
2023-12-02 03:51:23,297 - WARNING - find topic in list
2023-12-02 03:51:23,297 - WARNING - add new topic: <website.database.models.Topic object at 0x000001A10FDBFBB0>
2023-12-02 03:51:23,313 - WARNING - create row in quate: 'Always go with your passions. Never ask yourself if it is realistic or not.'
2023-12-02 03:51:23,313 - WARNING - add bluepoint auth
2023-12-02 03:51:23,328 - WARNING -  * Debugger is active!
2023-12-02 03:52:25,419 - WARNING - create flask
2023-12-02 03:52:25,701 - WARNING - create database NAME: sqlite:///dataBase.db
2023-12-02 03:52:25,717 - WARNING - create engine
2023-12-02 03:52:25,717 - WARNING - create session
2023-12-02 03:52:25,717 - WARNING - Database does not exist.
2023-12-02 03:52:25,717 - WARNING - clear database
2023-12-02 03:52:25,748 - WARNING - create tables in database
2023-12-02 03:52:25,764 - WARNING - fill database
2023-12-02 03:52:25,764 - WARNING - qoute: Travel, 'I have not been everywhere, but it is on my list.' | Susan Sontag
2023-12-02 03:52:25,780 - WARNING - author: None
2023-12-02 03:52:25,780 - WARNING - find author in list
2023-12-02 03:52:25,780 - WARNING - add new author: <website.database.models.Author object at 0x0000018A0ACB8910>
2023-12-02 03:52:25,795 - WARNING - topic: None
2023-12-02 03:52:25,795 - WARNING - find topic in list
2023-12-02 03:52:25,795 - WARNING - add new topic: <website.database.models.Topic object at 0x0000018A0AD06370>
2023-12-02 03:52:25,795 - WARNING - create row in quate: 'I have not been everywhere, but it is on my list.'
2023-12-02 03:52:25,795 - WARNING - qoute: Race, 'It is not our differences that divide us. It is our inability to recognize, accept, and celebrate those differences.' | Audre Lorde
2023-12-02 03:52:25,811 - WARNING - author: None
2023-12-02 03:52:25,811 - WARNING - find author in list
2023-12-02 03:52:25,811 - WARNING - add new author: <website.database.models.Author object at 0x0000018A0ACB8910>
2023-12-02 03:52:25,811 - WARNING - topic: None
2023-12-02 03:52:25,811 - WARNING - find topic in list
2023-12-02 03:52:25,827 - WARNING - add new topic: <website.database.models.Topic object at 0x0000018A0AC305E0>
2023-12-02 03:52:25,827 - WARNING - create row in quate: 'It is not our differences that divide us. It is our inability to recognize, accept, and celebrate those differences.'
2023-12-02 03:52:25,827 - WARNING - qoute: Life, 'Always go with your passions. Never ask yourself if it is realistic or not.' | Deepak Chopra
2023-12-02 03:52:25,827 - WARNING - author: None
2023-12-02 03:52:25,827 - WARNING - find author in list
2023-12-02 03:52:25,827 - WARNING - add new author: <website.database.models.Author object at 0x0000018A0ACB8910>
2023-12-02 03:52:25,827 - WARNING - topic: None
2023-12-02 03:52:25,827 - WARNING - find topic in list
2023-12-02 03:52:25,842 - WARNING - add new topic: <website.database.models.Topic object at 0x0000018A0AD0D610>
2023-12-02 03:52:25,842 - WARNING - create row in quate: 'Always go with your passions. Never ask yourself if it is realistic or not.'
2023-12-02 03:52:25,842 - WARNING - add bluepoint auth
2023-12-02 03:52:26,173 - WARNING - create flask
2023-12-02 03:52:26,450 - WARNING - create database NAME: sqlite:///dataBase.db
2023-12-02 03:52:26,479 - WARNING - create engine
2023-12-02 03:52:26,479 - WARNING - create session
2023-12-02 03:52:26,479 - WARNING - Database does not exist.
2023-12-02 03:52:26,479 - WARNING - clear database
2023-12-02 03:52:26,526 - WARNING - create tables in database
2023-12-02 03:52:26,542 - WARNING - fill database
2023-12-02 03:52:26,542 - WARNING - qoute: Travel, 'I have not been everywhere, but it is on my list.' | Susan Sontag
2023-12-02 03:52:26,542 - WARNING - author: None
2023-12-02 03:52:26,542 - WARNING - find author in list
2023-12-02 03:52:26,557 - WARNING - add new author: <website.database.models.Author object at 0x000001D9F4429910>
2023-12-02 03:52:26,557 - WARNING - topic: None
2023-12-02 03:52:26,557 - WARNING - find topic in list
2023-12-02 03:52:26,557 - WARNING - add new topic: <website.database.models.Topic object at 0x000001D9F4477F70>
2023-12-02 03:52:26,571 - WARNING - create row in quate: 'I have not been everywhere, but it is on my list.'
2023-12-02 03:52:26,571 - WARNING - qoute: Race, 'It is not our differences that divide us. It is our inability to recognize, accept, and celebrate those differences.' | Audre Lorde
2023-12-02 03:52:26,573 - WARNING - author: None
2023-12-02 03:52:26,573 - WARNING - find author in list
2023-12-02 03:52:26,573 - WARNING - add new author: <website.database.models.Author object at 0x000001D9F4429910>
2023-12-02 03:52:26,573 - WARNING - topic: None
2023-12-02 03:52:26,573 - WARNING - find topic in list
2023-12-02 03:52:26,573 - WARNING - add new topic: <website.database.models.Topic object at 0x000001D9F43A15E0>
2023-12-02 03:52:26,589 - WARNING - create row in quate: 'It is not our differences that divide us. It is our inability to recognize, accept, and celebrate those differences.'
2023-12-02 03:52:26,589 - WARNING - qoute: Life, 'Always go with your passions. Never ask yourself if it is realistic or not.' | Deepak Chopra
2023-12-02 03:52:26,589 - WARNING - author: None
2023-12-02 03:52:26,589 - WARNING - find author in list
2023-12-02 03:52:26,589 - WARNING - add new author: <website.database.models.Author object at 0x000001D9F4429910>
2023-12-02 03:52:26,589 - WARNING - topic: None
2023-12-02 03:52:26,589 - WARNING - find topic in list
2023-12-02 03:52:26,605 - WARNING - add new topic: <website.database.models.Topic object at 0x000001D9F447D610>
2023-12-02 03:52:26,605 - WARNING - create row in quate: 'Always go with your passions. Never ask yourself if it is realistic or not.'
2023-12-02 03:52:26,605 - WARNING - add bluepoint auth
2023-12-02 03:52:26,620 - WARNING -  * Debugger is active!
2023-12-02 03:53:07,641 - WARNING - create flask
2023-12-02 03:53:07,908 - WARNING - create database NAME: sqlite:///dataBase.db
2023-12-02 03:53:07,923 - WARNING - create engine
2023-12-02 03:53:07,923 - WARNING - create session
2023-12-02 03:53:07,923 - WARNING - Database exists.
2023-12-02 03:53:07,934 - WARNING - add bluepoint auth
2023-12-02 03:53:08,273 - WARNING - create flask
2023-12-02 03:53:08,506 - WARNING - create database NAME: sqlite:///dataBase.db
2023-12-02 03:53:08,521 - WARNING - create engine
2023-12-02 03:53:08,521 - WARNING - create session
2023-12-02 03:53:08,521 - WARNING - Database exists.
2023-12-02 03:53:08,521 - WARNING - add bluepoint auth
2023-12-02 03:53:08,537 - WARNING -  * Debugger is active!
2023-12-02 03:54:10,651 - WARNING - create flask
2023-12-02 03:54:10,918 - WARNING - create database NAME: sqlite:///dataBase.db
2023-12-02 03:54:10,934 - WARNING - create engine
2023-12-02 03:54:10,934 - WARNING - create session
2023-12-02 03:54:10,934 - WARNING - Database exists.
2023-12-02 03:54:10,934 - WARNING - add bluepoint auth
2023-12-02 03:54:11,295 - WARNING - create flask
2023-12-02 03:54:11,562 - WARNING - create database NAME: sqlite:///dataBase.db
2023-12-02 03:54:11,578 - WARNING - create engine
2023-12-02 03:54:11,578 - WARNING - create session
2023-12-02 03:54:11,578 - WARNING - Database exists.
2023-12-02 03:54:11,578 - WARNING - add bluepoint auth
2023-12-02 03:54:11,594 - WARNING -  * Debugger is active!
